  main.c
main.c(102): warning C4133: функция: несовместимые типы - из "wchar_t **" в "char **"
main.c(104): warning C4133: функция: несовместимые типы - из "wchar_t *" в "const char *"
main.c(138): warning C4267: функция: преобразование из "size_t" в "int"; возможна потеря данных
main.c(139): warning C4267: функция: преобразование из "size_t" в "int"; возможна потеря данных
main.c(140): warning C4267: функция: преобразование из "size_t" в "int"; возможна потеря данных
main.c(149): warning C4090: функция: разные квалификаторы "const"
main.c(212): warning C4267: инициализация: преобразование из "size_t" в "int"; возможна потеря данных
main.c(252): warning C4090: функция: разные квалификаторы "const"
main.c(252): warning C4267: функция: преобразование из "size_t" в "int"; возможна потеря данных
main.c(265): warning C4267: функция: преобразование из "size_t" в "int"; возможна потеря данных
main.c(318): warning C4090: функция: разные квалификаторы "const"
main.c(322): warning C4090: функция: разные квалификаторы "const"
main.c(326): warning C4090: функция: разные квалификаторы "const"
main.c(350): warning C4090: функция: разные квалификаторы "const"
main.c(354): warning C4090: функция: разные квалификаторы "const"
main.c(371): warning C4020: sqlite3_bind_int64: слишком много фактических параметров
main.c(372): warning C4020: sqlite3_bind_int64: слишком много фактических параметров
main.c(373): warning C4020: sqlite3_bind_int64: слишком много фактических параметров
main.c(381): warning C4090: функция: разные квалификаторы "const"
main.c(396): warning C4267: функция: преобразование из "size_t" в "int"; возможна потеря данных
main.c(397): warning C4020: sqlite3_bind_int64: слишком много фактических параметров
main.c(398): warning C4020: sqlite3_bind_int64: слишком много фактических параметров
main.c(399): warning C4020: sqlite3_bind_int64: слишком много фактических параметров
main.c(400): warning C4267: функция: преобразование из "size_t" в "int"; возможна потеря данных
main.c(401): warning C4267: функция: преобразование из "size_t" в "int"; возможна потеря данных
main.c(409): warning C4090: функция: разные квалификаторы "const"
main.c(422): warning C4244: =: преобразование "__int64" в "int", возможна потеря данных
main.c(532): warning C4267: функция: преобразование из "size_t" в "int"; возможна потеря данных
main.c(535): warning C4090: функция: разные квалификаторы "const"
main.c(560): warning C4133: функция: несовместимые типы - из "char *" в "wchar_t *"
main.c(564): warning C4267: функция: преобразование из "size_t" в "int"; возможна потеря данных
main.c(572): warning C4090: функция: разные квалификаторы "const"
main.c(652): warning C4047: функция: "DWORD" отличается по уровням косвенного обращения от "void *"
main.c(652): warning C4024: CreateToolhelp32Snapshot: различные типы для формального и фактического параметров 2
main.c(605): warning C4047: инициализация: "FILE **" отличается по уровням косвенного обращения от "FILE *"
  Создание кода
  All 2252 functions were compiled because no usable IPDB/IOBJ from previous compilation was found.
  Создание кода завершено
  xmlToSqLite.vcxproj -> C:\Users\etyurin\Documents\Visual Studio 2017\Projects\xmlToSqLite\x64\Release\xmlToSqLite.exe
