Сборка начата 25.08.2017 11:52:13.
     1>Проект "C:\Users\etyurin\Documents\Visual Studio 2013\ProjectsCPP\xmlToSqLite\xmlToSqLite\xmlToSqLite.vcxproj" в узле 2 (целевые объекты Build).
     1>ClCompile:
         C:\Program Files (x86)\Microsoft Visual Studio 12.0\VC\bin\CL.exe /c /ZI /nologo /W3 /WX- /sdl /Od /Oy- /D _MBCS /Gm /EHsc /RTC1 /MDd /GS /Zc:wchar_t /Zc:forScope /Fo"Debug\\" /Fd"Debug\vc120.pdb" /Gd /TC /analyze- /errorReport:prompt main.c
         main.c
     1>c:\users\etyurin\documents\visual studio 2013\projectscpp\xmltosqlite\xmltosqlite\main.c(65): warning C4047: return: "int *" отличается по уровням косвенного обращения от "int"
     1>c:\users\etyurin\documents\visual studio 2013\projectscpp\xmltosqlite\xmltosqlite\main.c(78): warning C4133: функция: несовместимые типы - из "wchar_t **" в "char **"
     1>c:\users\etyurin\documents\visual studio 2013\projectscpp\xmltosqlite\xmltosqlite\main.c(78): warning C4047: инициализация: "int" отличается по уровням косвенного обращения от "int *"
     1>c:\users\etyurin\documents\visual studio 2013\projectscpp\xmltosqlite\xmltosqlite\main.c(80): warning C4133: функция: несовместимые типы - из "wchar_t *" в "const char *"
     1>c:\users\etyurin\documents\visual studio 2013\projectscpp\xmltosqlite\xmltosqlite\main.c(121): warning C4090: функция: разные квалификаторы "const"
     1>c:\users\etyurin\documents\visual studio 2013\projectscpp\xmltosqlite\xmltosqlite\main.c(221): warning C4090: функция: разные квалификаторы "const"
     1>c:\users\etyurin\documents\visual studio 2013\projectscpp\xmltosqlite\xmltosqlite\main.c(287): warning C4090: функция: разные квалификаторы "const"
     1>c:\users\etyurin\documents\visual studio 2013\projectscpp\xmltosqlite\xmltosqlite\main.c(291): warning C4090: функция: разные квалификаторы "const"
     1>c:\users\etyurin\documents\visual studio 2013\projectscpp\xmltosqlite\xmltosqlite\main.c(295): warning C4090: функция: разные квалификаторы "const"
     1>c:\users\etyurin\documents\visual studio 2013\projectscpp\xmltosqlite\xmltosqlite\main.c(319): warning C4090: функция: разные квалификаторы "const"
     1>c:\users\etyurin\documents\visual studio 2013\projectscpp\xmltosqlite\xmltosqlite\main.c(336): warning C4020: sqlite3_bind_int64: слишком много фактических параметров
     1>c:\users\etyurin\documents\visual studio 2013\projectscpp\xmltosqlite\xmltosqlite\main.c(337): warning C4020: sqlite3_bind_int64: слишком много фактических параметров
     1>c:\users\etyurin\documents\visual studio 2013\projectscpp\xmltosqlite\xmltosqlite\main.c(338): warning C4020: sqlite3_bind_int64: слишком много фактических параметров
     1>c:\users\etyurin\documents\visual studio 2013\projectscpp\xmltosqlite\xmltosqlite\main.c(342): warning C4090: функция: разные квалификаторы "const"
     1>c:\users\etyurin\documents\visual studio 2013\projectscpp\xmltosqlite\xmltosqlite\main.c(358): warning C4020: sqlite3_bind_int64: слишком много фактических параметров
     1>c:\users\etyurin\documents\visual studio 2013\projectscpp\xmltosqlite\xmltosqlite\main.c(359): warning C4020: sqlite3_bind_int64: слишком много фактических параметров
     1>c:\users\etyurin\documents\visual studio 2013\projectscpp\xmltosqlite\xmltosqlite\main.c(360): warning C4020: sqlite3_bind_int64: слишком много фактических параметров
     1>c:\users\etyurin\documents\visual studio 2013\projectscpp\xmltosqlite\xmltosqlite\main.c(365): warning C4090: функция: разные квалификаторы "const"
     1>c:\users\etyurin\documents\visual studio 2013\projectscpp\xmltosqlite\xmltosqlite\main.c(417): warning C4090: функция: разные квалификаторы "const"
     1>c:\users\etyurin\documents\visual studio 2013\projectscpp\xmltosqlite\xmltosqlite\main.c(444): warning C4090: функция: разные квалификаторы "const"
       Link:
         C:\Program Files (x86)\Microsoft Visual Studio 12.0\VC\bin\link.exe /ERRORREPORT:PROMPT /OUT:"C:\Users\etyurin\Documents\Visual Studio 2013\ProjectsCPP\xmlToSqLite\Debug\xmlToSqLite.exe" /INCREMENTAL /NOLOGO kernel32.lib user32.lib gdi32.lib winspool.lib comdlg32.lib advapi32.lib shell32.lib ole32.lib oleaut32.lib uuid.lib odbc32.lib odbccp32.lib /MANIFEST /MANIFESTUAC:"level='asInvoker' uiAccess='false'" /manifest:embed /DEBUG /PDB:"C:\Users\etyurin\Documents\Visual Studio 2013\ProjectsCPP\xmlToSqLite\Debug\xmlToSqLite.pdb" /TLBID:1 /DYNAMICBASE /NXCOMPAT /IMPLIB:"C:\Users\etyurin\Documents\Visual Studio 2013\ProjectsCPP\xmlToSqLite\Debug\xmlToSqLite.lib" /MACHINE:X86 Debug\loadlibrary.obj
         Debug\main.obj
         Debug\sqlite3.obj
         Debug\xmlparse.obj
         Debug\xmlrole.obj
         Debug\xmltok.obj
         Debug\xmltok_impl.obj
         Debug\xmltok_ns.obj
         xmlToSqLite.vcxproj -> C:\Users\etyurin\Documents\Visual Studio 2013\ProjectsCPP\xmlToSqLite\Debug\xmlToSqLite.exe
     1>Сборка проекта "C:\Users\etyurin\Documents\Visual Studio 2013\ProjectsCPP\xmlToSqLite\xmlToSqLite\xmlToSqLite.vcxproj" завершена (целевые объекты Build).

Сборка успешно завершена.

Затраченное время: 00:00:00.64
