  main.c
c:\users\etyurin\documents\visual studio 2013\projectscpp\laba1\laba1\main.c(23): warning C4047: функция: "LPSTR" отличается по уровням косвенного обращения от "LPSTR [100]"
c:\users\etyurin\documents\visual studio 2013\projectscpp\laba1\laba1\main.c(23): warning C4024: GetSystemDirectoryA: различные типы для формального и фактического параметров 1
c:\users\etyurin\documents\visual studio 2013\projectscpp\laba1\laba1\main.c(30): warning C4047: функция: "LPSTR" отличается по уровням косвенного обращения от "LPSTR [100]"
c:\users\etyurin\documents\visual studio 2013\projectscpp\laba1\laba1\main.c(30): warning C4024: GetComputerNameA: различные типы для формального и фактического параметров 1
c:\users\etyurin\documents\visual studio 2013\projectscpp\laba1\laba1\main.c(37): warning C4047: функция: "LPSTR" отличается по уровням косвенного обращения от "LPSTR [100]"
c:\users\etyurin\documents\visual studio 2013\projectscpp\laba1\laba1\main.c(37): warning C4024: GetUserNameA: различные типы для формального и фактического параметров 1
c:\users\etyurin\documents\visual studio 2013\projectscpp\laba1\laba1\main.c(44): warning C4047: функция: "LPSTR" отличается по уровням косвенного обращения от "LPSTR [100]"
c:\users\etyurin\documents\visual studio 2013\projectscpp\laba1\laba1\main.c(44): warning C4024: FindFirstVolumeA: различные типы для формального и фактического параметров 1
c:\users\etyurin\documents\visual studio 2013\projectscpp\laba1\laba1\main.c(47): warning C4047: функция: "LPCSTR" отличается по уровням косвенного обращения от "LPSTR [100]"
c:\users\etyurin\documents\visual studio 2013\projectscpp\laba1\laba1\main.c(47): warning C4024: GetVolumePathNamesForVolumeNameA: различные типы для формального и фактического параметров 1
c:\users\etyurin\documents\visual studio 2013\projectscpp\laba1\laba1\main.c(47): warning C4047: функция: "LPCH" отличается по уровням косвенного обращения от "LPSTR [100]"
c:\users\etyurin\documents\visual studio 2013\projectscpp\laba1\laba1\main.c(47): warning C4024: GetVolumePathNamesForVolumeNameA: различные типы для формального и фактического параметров 2
c:\users\etyurin\documents\visual studio 2013\projectscpp\laba1\laba1\main.c(52): warning C4047: функция: "LPCSTR" отличается по уровням косвенного обращения от "LPSTR [100]"
c:\users\etyurin\documents\visual studio 2013\projectscpp\laba1\laba1\main.c(52): warning C4024: GetDiskFreeSpaceA: различные типы для формального и фактического параметров 1
c:\users\etyurin\documents\visual studio 2013\projectscpp\laba1\laba1\main.c(61): warning C4047: функция: "LPSTR" отличается по уровням косвенного обращения от "LPSTR [100]"
c:\users\etyurin\documents\visual studio 2013\projectscpp\laba1\laba1\main.c(61): warning C4024: FindNextVolumeA: различные типы для формального и фактического параметров 2
c:\users\etyurin\documents\visual studio 2013\projectscpp\laba1\laba1\main.c(75): warning C4047: функция: "LPSTR" отличается по уровням косвенного обращения от "LPSTR [100]"
c:\users\etyurin\documents\visual studio 2013\projectscpp\laba1\laba1\main.c(75): warning C4024: RegEnumValueA: различные типы для формального и фактического параметров 3
c:\users\etyurin\documents\visual studio 2013\projectscpp\laba1\laba1\main.c(79): warning C4047: функция: "LPBYTE" отличается по уровням косвенного обращения от "LPBYTE [500]"
c:\users\etyurin\documents\visual studio 2013\projectscpp\laba1\laba1\main.c(79): warning C4024: RegEnumValueA: различные типы для формального и фактического параметров 7
c:\users\etyurin\documents\visual studio 2013\projectscpp\laba1\laba1\main.c(97): warning C4133: функция: несовместимые типы - из "unsigned __int64 *" в "LARGE_INTEGER *"
c:\users\etyurin\documents\visual studio 2013\projectscpp\laba1\laba1\main.c(101): warning C4133: функция: несовместимые типы - из "unsigned __int64 *" в "LARGE_INTEGER *"
c:\users\etyurin\documents\visual studio 2013\projectscpp\laba1\laba1\main.c(103): warning C4133: функция: несовместимые типы - из "unsigned __int64 *" в "LARGE_INTEGER *"
  laba1.vcxproj -> C:\Users\etyurin\Documents\Visual Studio 2013\ProjectsCPP\laba1\Debug\laba1.exe
