  main.c
main.c(100): warning C4133: функция: несовместимые типы - из "wchar_t **" в "char **"
main.c(102): warning C4133: функция: несовместимые типы - из "wchar_t *" в "const char *"
main.c(136): warning C4267: функция: преобразование из "size_t" в "int"; возможна потеря данных
main.c(137): warning C4267: функция: преобразование из "size_t" в "int"; возможна потеря данных
main.c(138): warning C4267: функция: преобразование из "size_t" в "int"; возможна потеря данных
main.c(147): warning C4090: функция: разные квалификаторы "const"
main.c(210): warning C4267: инициализация: преобразование из "size_t" в "int"; возможна потеря данных
main.c(250): warning C4090: функция: разные квалификаторы "const"
main.c(250): warning C4267: функция: преобразование из "size_t" в "int"; возможна потеря данных
main.c(263): warning C4267: функция: преобразование из "size_t" в "int"; возможна потеря данных
main.c(316): warning C4090: функция: разные квалификаторы "const"
main.c(320): warning C4090: функция: разные квалификаторы "const"
main.c(324): warning C4090: функция: разные квалификаторы "const"
main.c(348): warning C4090: функция: разные квалификаторы "const"
main.c(352): warning C4090: функция: разные квалификаторы "const"
main.c(369): warning C4020: sqlite3_bind_int64: слишком много фактических параметров
main.c(370): warning C4020: sqlite3_bind_int64: слишком много фактических параметров
main.c(371): warning C4020: sqlite3_bind_int64: слишком много фактических параметров
main.c(379): warning C4090: функция: разные квалификаторы "const"
main.c(394): warning C4267: функция: преобразование из "size_t" в "int"; возможна потеря данных
main.c(395): warning C4020: sqlite3_bind_int64: слишком много фактических параметров
main.c(396): warning C4020: sqlite3_bind_int64: слишком много фактических параметров
main.c(397): warning C4020: sqlite3_bind_int64: слишком много фактических параметров
main.c(398): warning C4267: функция: преобразование из "size_t" в "int"; возможна потеря данных
main.c(399): warning C4267: функция: преобразование из "size_t" в "int"; возможна потеря данных
main.c(407): warning C4090: функция: разные квалификаторы "const"
main.c(420): warning C4244: =: преобразование "__int64" в "int", возможна потеря данных
main.c(539): warning C4267: функция: преобразование из "size_t" в "int"; возможна потеря данных
main.c(542): warning C4090: функция: разные квалификаторы "const"
main.c(567): warning C4133: функция: несовместимые типы - из "char *" в "wchar_t *"
main.c(571): warning C4267: функция: преобразование из "size_t" в "int"; возможна потеря данных
main.c(579): warning C4090: функция: разные квалификаторы "const"
  xmlToSqLite.vcxproj -> C:\Users\etyurin\Documents\Visual Studio 2017\Projects\xmlToSqLite\x64\Debug\xmlToSqLite.exe
