  Building Custom Rule C:/Users/etyurin/Downloads/libharu-master/src/CMakeLists.txt
  CMake does not need to re-run because C:/Users/etyurin/Downloads/libharu-master/src/CMakeFiles/generate.stamp is up-to-date.
  hpdf_annotation.c
  hpdf_array.c
  hpdf_binary.c
  hpdf_boolean.c
  hpdf_catalog.c
  hpdf_destination.c
  hpdf_dict.c
  hpdf_doc_png.c
  hpdf_doc.c
  hpdf_encoder_cns.c
  hpdf_encoder_cnt.c
  hpdf_encoder_jp.c
  hpdf_encoder_kr.c
  hpdf_encoder.c
C:\Users\etyurin\Downloads\libharu-master\src\hpdf_encoder.c(2766): warning C4244: инициализация: преобразование "HPDF_UINT16" в "HPDF_BYTE", возможна потеря данных
  hpdf_encrypt.c
  hpdf_encryptdict.c
  hpdf_error.c
  hpdf_ext_gstate.c
  hpdf_font_cid.c
  hpdf_font_tt.c
  Создание кода...
  Компиляция...
  hpdf_font_type1.c
  hpdf_font.c
  hpdf_fontdef_base14.c
  hpdf_fontdef_cid.c
  hpdf_fontdef_cns.c
  hpdf_fontdef_cnt.c
  hpdf_fontdef_jp.c
  hpdf_fontdef_kr.c
  hpdf_fontdef_tt.c
  hpdf_fontdef_type1.c
C:\Users\etyurin\Downloads\libharu-master\src\hpdf_fontdef_type1.c(338): warning C4244: =: преобразование "__int64" в "HPDF_UINT", возможна потеря данных
C:\Users\etyurin\Downloads\libharu-master\src\hpdf_fontdef_type1.c(347): warning C4244: =: преобразование "__int64" в "HPDF_UINT", возможна потеря данных
  hpdf_fontdef.c
  hpdf_gstate.c
  hpdf_image_ccitt.c
  hpdf_image_png.c
  hpdf_image.c
  hpdf_info.c
  hpdf_list.c
  hpdf_mmgr.c
  hpdf_name.c
  hpdf_namedict.c
  Создание кода...
  Компиляция...
  hpdf_null.c
  hpdf_number.c
  hpdf_objects.c
  hpdf_outline.c
  hpdf_page_label.c
  hpdf_page_operator.c
C:\Users\etyurin\Downloads\libharu-master\src\hpdf_page_operator.c(1158): warning C4244: функция: преобразование "HPDF_REAL" в "HPDF_STATUS", возможна потеря данных
  hpdf_pages.c
  hpdf_real.c
  hpdf_streams.c
C:\Users\etyurin\Downloads\libharu-master\src\hpdf_streams.c(811): warning C4267: =: преобразование из "size_t" в "HPDF_UINT"; возможна потеря данных
C:\Users\etyurin\Downloads\libharu-master\src\hpdf_streams.c(978): warning C4267: =: преобразование из "size_t" в "HPDF_UINT"; возможна потеря данных
  hpdf_string.c
  hpdf_u3d.c
  hpdf_utils.c
  hpdf_xref.c
  hpdf_pdfa.c
  hpdf_3dmeasure.c
  hpdf_exdata.c
  hpdf_encoder_utf.c
C:\Users\etyurin\Downloads\libharu-master\src\hpdf_encoder_utf.c(202): warning C4244: =: преобразование "__int64" в "HPDF_UINT", возможна потеря данных
  Создание кода...
  libhpdfs.vcxproj -> C:\Users\etyurin\Downloads\libharu-master\src\Debug\libhpdfsd.lib
