  adler32.c
  compress.c
  crc32.c
  deflate.c
  inffast.c
  inflate.c
  inftrees.c
  trees.c
  uncompr.c
  zutil.c
  base.cpp
base.cpp(79): warning C4267: инициализация: преобразование из "size_t" в "int"; возможна потеря данных
base.cpp(122): warning C4267: инициализация: преобразование из "size_t" в "int"; возможна потеря данных
base.cpp(161): warning C4267: инициализация: преобразование из "size_t" в "int"; возможна потеря данных
  Criterion.cpp
c:\users\etyurin\documents\visual studio 2013\projectscpp\cybercom_dll\superi\Criterion.h(71): warning C4267: аргумент: преобразование из "size_t" в "unsigned long"; возможна потеря данных
c:\users\etyurin\documents\visual studio 2013\projectscpp\cybercom_dll\superi\Criterion.h(74): warning C4267: =: преобразование из "size_t" в "uint32_t"; возможна потеря данных
Criterion.cpp(35): warning C4267: =: преобразование из "size_t" в "uInt"; возможна потеря данных
Criterion.cpp(44): warning C4267: =: преобразование из "size_t" в "uInt"; возможна потеря данных
Criterion.cpp(539): warning C4267: аргумент: преобразование из "size_t" в "unsigned long"; возможна потеря данных
Criterion.cpp(548): warning C4267: аргумент: преобразование из "size_t" в "unsigned long"; возможна потеря данных
Criterion.cpp(558): warning C4267: =: преобразование из "size_t" в "uint32_t"; возможна потеря данных
  dllmain.cpp
c:\users\etyurin\documents\visual studio 2013\projectscpp\cybercom_dll\superi\Criterion.h(71): warning C4267: аргумент: преобразование из "size_t" в "unsigned long"; возможна потеря данных
c:\users\etyurin\documents\visual studio 2013\projectscpp\cybercom_dll\superi\Criterion.h(74): warning C4267: =: преобразование из "size_t" в "uint32_t"; возможна потеря данных
dllmain.cpp(80): warning C4267: аргумент: преобразование из "size_t" в "int"; возможна потеря данных
     Создается библиотека C:\Users\etyurin\Documents\Visual Studio 2013\ProjectsCPP\cyberCOM_dll\x64\Release\SuperI.lib и объект C:\Users\etyurin\Documents\Visual Studio 2013\ProjectsCPP\cyberCOM_dll\x64\Release\SuperI.exp
  Создание кода
  Создание кода завершено
  SuperI.vcxproj -> C:\Users\etyurin\Documents\Visual Studio 2013\ProjectsCPP\cyberCOM_dll\x64\Release\SuperI.dll
